mode: set
github.com/edgar-care/edgarlib/dashboard/create_patient.go:24.98,28.24 3 0
github.com/edgar-care/edgarlib/dashboard/create_patient.go:32.2,33.16 2 0
github.com/edgar-care/edgarlib/dashboard/create_patient.go:38.2,39.28 2 0
github.com/edgar-care/edgarlib/dashboard/create_patient.go:43.2,44.16 2 0
github.com/edgar-care/edgarlib/dashboard/create_patient.go:48.2,49.16 2 0
github.com/edgar-care/edgarlib/dashboard/create_patient.go:53.2,64.3 1 0
github.com/edgar-care/edgarlib/dashboard/create_patient.go:28.24,30.3 1 0
github.com/edgar-care/edgarlib/dashboard/create_patient.go:33.16,34.17 1 0
github.com/edgar-care/edgarlib/dashboard/create_patient.go:34.17,36.4 1 0
github.com/edgar-care/edgarlib/dashboard/create_patient.go:39.28,41.3 1 0
github.com/edgar-care/edgarlib/dashboard/create_patient.go:44.16,46.3 1 0
github.com/edgar-care/edgarlib/dashboard/create_patient.go:49.16,51.3 1 0
github.com/edgar-care/edgarlib/dashboard/delete_patient.go:16.58,18.26 2 1
github.com/edgar-care/edgarlib/dashboard/delete_patient.go:23.2,23.15 1 1
github.com/edgar-care/edgarlib/dashboard/delete_patient.go:18.26,19.19 1 1
github.com/edgar-care/edgarlib/dashboard/delete_patient.go:19.19,21.4 1 0
github.com/edgar-care/edgarlib/dashboard/delete_patient.go:26.77,27.21 1 1
github.com/edgar-care/edgarlib/dashboard/delete_patient.go:30.2,33.16 3 1
github.com/edgar-care/edgarlib/dashboard/delete_patient.go:37.2,38.16 2 1
github.com/edgar-care/edgarlib/dashboard/delete_patient.go:42.2,44.16 2 1
github.com/edgar-care/edgarlib/dashboard/delete_patient.go:48.2,59.13 1 1
github.com/edgar-care/edgarlib/dashboard/delete_patient.go:27.21,29.3 1 1
github.com/edgar-care/edgarlib/dashboard/delete_patient.go:33.16,35.3 1 1
github.com/edgar-care/edgarlib/dashboard/delete_patient.go:38.16,40.3 1 1
github.com/edgar-care/edgarlib/dashboard/delete_patient.go:44.16,46.3 1 0
github.com/edgar-care/edgarlib/dashboard/get_patient.go:32.72,36.16 3 1
github.com/edgar-care/edgarlib/dashboard/get_patient.go:39.2,40.56 2 1
github.com/edgar-care/edgarlib/dashboard/get_patient.go:46.2,46.14 1 1
github.com/edgar-care/edgarlib/dashboard/get_patient.go:50.2,51.16 2 1
github.com/edgar-care/edgarlib/dashboard/get_patient.go:55.2,57.28 3 1
github.com/edgar-care/edgarlib/dashboard/get_patient.go:61.2,73.3 2 1
github.com/edgar-care/edgarlib/dashboard/get_patient.go:36.16,38.3 1 0
github.com/edgar-care/edgarlib/dashboard/get_patient.go:40.56,41.17 1 1
github.com/edgar-care/edgarlib/dashboard/get_patient.go:41.17,43.9 2 1
github.com/edgar-care/edgarlib/dashboard/get_patient.go:46.14,48.3 1 0
github.com/edgar-care/edgarlib/dashboard/get_patient.go:51.16,53.3 1 0
github.com/edgar-care/edgarlib/dashboard/get_patient.go:57.28,59.3 1 0
github.com/edgar-care/edgarlib/dashboard/get_patient.go:76.55,80.16 3 0
github.com/edgar-care/edgarlib/dashboard/get_patient.go:84.2,85.66 2 0
github.com/edgar-care/edgarlib/dashboard/get_patient.go:99.2,103.3 1 0
github.com/edgar-care/edgarlib/dashboard/get_patient.go:80.16,82.3 1 0
github.com/edgar-care/edgarlib/dashboard/get_patient.go:85.66,88.29 3 0
github.com/edgar-care/edgarlib/dashboard/get_patient.go:91.3,97.5 1 0
github.com/edgar-care/edgarlib/dashboard/get_patient.go:88.29,90.4 1 0
github.com/edgar-care/edgarlib/follow_treatment/delete_follow_up.go:18.58,20.26 2 1
github.com/edgar-care/edgarlib/follow_treatment/delete_follow_up.go:25.2,25.15 1 1
github.com/edgar-care/edgarlib/follow_treatment/delete_follow_up.go:20.26,21.19 1 1
github.com/edgar-care/edgarlib/follow_treatment/delete_follow_up.go:21.19,23.4 1 0
github.com/edgar-care/edgarlib/follow_treatment/delete_follow_up.go:28.75,29.14 1 1
github.com/edgar-care/edgarlib/follow_treatment/delete_follow_up.go:32.2,35.16 3 1
github.com/edgar-care/edgarlib/follow_treatment/delete_follow_up.go:39.2,40.16 2 1
github.com/edgar-care/edgarlib/follow_treatment/delete_follow_up.go:44.2,45.16 2 1
github.com/edgar-care/edgarlib/follow_treatment/delete_follow_up.go:49.2,50.16 2 1
github.com/edgar-care/edgarlib/follow_treatment/delete_follow_up.go:54.2,57.16 1 1
github.com/edgar-care/edgarlib/follow_treatment/delete_follow_up.go:29.14,31.3 1 1
github.com/edgar-care/edgarlib/follow_treatment/delete_follow_up.go:35.16,37.3 1 1
github.com/edgar-care/edgarlib/follow_treatment/delete_follow_up.go:40.16,42.3 1 0
github.com/edgar-care/edgarlib/follow_treatment/delete_follow_up.go:45.16,47.3 1 1
github.com/edgar-care/edgarlib/follow_treatment/delete_follow_up.go:50.16,52.3 1 0
github.com/edgar-care/edgarlib/follow_treatment/follow_up_treatment.go:22.110,26.33 3 1
github.com/edgar-care/edgarlib/follow_treatment/follow_up_treatment.go:30.2,31.16 2 1
github.com/edgar-care/edgarlib/follow_treatment/follow_up_treatment.go:35.2,36.16 2 1
github.com/edgar-care/edgarlib/follow_treatment/follow_up_treatment.go:40.2,41.16 2 1
github.com/edgar-care/edgarlib/follow_treatment/follow_up_treatment.go:45.2,46.61 2 1
github.com/edgar-care/edgarlib/follow_treatment/follow_up_treatment.go:50.2,59.3 1 1
github.com/edgar-care/edgarlib/follow_treatment/follow_up_treatment.go:26.33,28.3 1 1
github.com/edgar-care/edgarlib/follow_treatment/follow_up_treatment.go:31.16,33.3 1 0
github.com/edgar-care/edgarlib/follow_treatment/follow_up_treatment.go:36.16,38.3 1 1
github.com/edgar-care/edgarlib/follow_treatment/follow_up_treatment.go:41.16,43.3 1 0
github.com/edgar-care/edgarlib/follow_treatment/follow_up_treatment.go:46.61,48.3 1 1
github.com/edgar-care/edgarlib/follow_treatment/get_follow_up_treatment.go:22.75,27.16 4 1
github.com/edgar-care/edgarlib/follow_treatment/get_follow_up_treatment.go:31.2,32.62 2 1
github.com/edgar-care/edgarlib/follow_treatment/get_follow_up_treatment.go:36.2,42.56 2 1
github.com/edgar-care/edgarlib/follow_treatment/get_follow_up_treatment.go:27.16,29.3 1 1
github.com/edgar-care/edgarlib/follow_treatment/get_follow_up_treatment.go:32.62,34.3 1 1
github.com/edgar-care/edgarlib/follow_treatment/get_follow_up_treatment.go:45.75,50.16 4 1
github.com/edgar-care/edgarlib/follow_treatment/get_follow_up_treatment.go:54.2,54.58 1 1
github.com/edgar-care/edgarlib/follow_treatment/get_follow_up_treatment.go:67.2,67.53 1 1
github.com/edgar-care/edgarlib/follow_treatment/get_follow_up_treatment.go:50.16,52.3 1 1
github.com/edgar-care/edgarlib/follow_treatment/get_follow_up_treatment.go:54.58,56.35 2 0
github.com/edgar-care/edgarlib/follow_treatment/get_follow_up_treatment.go:60.3,65.5 1 0
github.com/edgar-care/edgarlib/follow_treatment/get_follow_up_treatment.go:56.35,58.4 1 0
github.com/edgar-care/edgarlib/appointment/get_rdv_doctor.go:16.57,21.16 4 1
github.com/edgar-care/edgarlib/appointment/get_rdv_doctor.go:25.2,25.47 1 1
github.com/edgar-care/edgarlib/appointment/get_rdv_doctor.go:39.2,39.44 1 1
github.com/edgar-care/edgarlib/appointment/get_rdv_doctor.go:21.16,23.3 1 1
github.com/edgar-care/edgarlib/appointment/get_rdv_doctor.go:25.47,37.3 2 1
github.com/edgar-care/edgarlib/appointment/get_waiting_review.go:16.65,21.16 4 1
github.com/edgar-care/edgarlib/appointment/get_waiting_review.go:24.2,24.48 1 1
github.com/edgar-care/edgarlib/appointment/get_waiting_review.go:37.2,37.48 1 1
github.com/edgar-care/edgarlib/appointment/get_waiting_review.go:21.16,23.3 1 1
github.com/edgar-care/edgarlib/appointment/get_waiting_review.go:24.48,36.3 2 1
github.com/edgar-care/edgarlib/appointment/book_appointment.go:17.105,18.25 1 1
github.com/edgar-care/edgarlib/appointment/book_appointment.go:21.2,23.22 2 1
github.com/edgar-care/edgarlib/appointment/book_appointment.go:27.2,28.16 2 1
github.com/edgar-care/edgarlib/appointment/book_appointment.go:32.2,32.46 1 1
github.com/edgar-care/edgarlib/appointment/book_appointment.go:36.2,37.16 2 1
github.com/edgar-care/edgarlib/appointment/book_appointment.go:40.2,43.16 3 1
github.com/edgar-care/edgarlib/appointment/book_appointment.go:47.2,48.16 2 1
github.com/edgar-care/edgarlib/appointment/book_appointment.go:52.2,53.16 2 1
github.com/edgar-care/edgarlib/appointment/book_appointment.go:57.2,58.61 2 1
github.com/edgar-care/edgarlib/appointment/book_appointment.go:65.2,65.19 1 1
github.com/edgar-care/edgarlib/appointment/book_appointment.go:72.2,93.3 1 1
github.com/edgar-care/edgarlib/appointment/book_appointment.go:18.25,20.3 1 1
github.com/edgar-care/edgarlib/appointment/book_appointment.go:23.22,25.3 1 1
github.com/edgar-care/edgarlib/appointment/book_appointment.go:28.16,30.3 1 1
github.com/edgar-care/edgarlib/appointment/book_appointment.go:32.46,34.3 1 1
github.com/edgar-care/edgarlib/appointment/book_appointment.go:37.16,39.3 1 1
github.com/edgar-care/edgarlib/appointment/book_appointment.go:43.16,45.3 1 0
github.com/edgar-care/edgarlib/appointment/book_appointment.go:48.16,50.3 1 0
github.com/edgar-care/edgarlib/appointment/book_appointment.go:53.16,55.3 1 1
github.com/edgar-care/edgarlib/appointment/book_appointment.go:58.61,59.29 1 0
github.com/edgar-care/edgarlib/appointment/book_appointment.go:59.29,61.9 2 0
github.com/edgar-care/edgarlib/appointment/book_appointment.go:65.19,67.17 2 1
github.com/edgar-care/edgarlib/appointment/book_appointment.go:67.17,69.4 1 0
github.com/edgar-care/edgarlib/appointment/cancel_rdv.go:15.60,16.14 1 1
github.com/edgar-care/edgarlib/appointment/cancel_rdv.go:19.2,22.16 3 1
github.com/edgar-care/edgarlib/appointment/cancel_rdv.go:26.2,28.16 3 1
github.com/edgar-care/edgarlib/appointment/cancel_rdv.go:32.2,34.16 3 1
github.com/edgar-care/edgarlib/appointment/cancel_rdv.go:37.2,37.44 1 1
github.com/edgar-care/edgarlib/appointment/cancel_rdv.go:16.14,18.3 1 1
github.com/edgar-care/edgarlib/appointment/cancel_rdv.go:22.16,24.3 1 1
github.com/edgar-care/edgarlib/appointment/cancel_rdv.go:28.16,30.3 1 0
github.com/edgar-care/edgarlib/appointment/cancel_rdv.go:34.16,36.3 1 0
github.com/edgar-care/edgarlib/appointment/edit_doctor_appointment.go:18.107,20.25 2 1
github.com/edgar-care/edgarlib/appointment/edit_doctor_appointment.go:24.2,25.16 2 1
github.com/edgar-care/edgarlib/appointment/edit_doctor_appointment.go:28.2,28.46 1 1
github.com/edgar-care/edgarlib/appointment/edit_doctor_appointment.go:32.2,33.16 2 1
github.com/edgar-care/edgarlib/appointment/edit_doctor_appointment.go:37.2,39.16 2 1
github.com/edgar-care/edgarlib/appointment/edit_doctor_appointment.go:43.2,44.16 2 1
github.com/edgar-care/edgarlib/appointment/edit_doctor_appointment.go:48.2,51.16 3 1
github.com/edgar-care/edgarlib/appointment/edit_doctor_appointment.go:55.2,56.16 2 1
github.com/edgar-care/edgarlib/appointment/edit_doctor_appointment.go:60.2,81.3 1 1
github.com/edgar-care/edgarlib/appointment/edit_doctor_appointment.go:20.25,22.3 1 1
github.com/edgar-care/edgarlib/appointment/edit_doctor_appointment.go:25.16,27.3 1 1
github.com/edgar-care/edgarlib/appointment/edit_doctor_appointment.go:28.46,30.3 1 1
github.com/edgar-care/edgarlib/appointment/edit_doctor_appointment.go:33.16,35.3 1 1
github.com/edgar-care/edgarlib/appointment/edit_doctor_appointment.go:39.16,41.3 1 0
github.com/edgar-care/edgarlib/appointment/edit_doctor_appointment.go:44.16,46.3 1 1
github.com/edgar-care/edgarlib/appointment/edit_doctor_appointment.go:51.16,53.3 1 0
github.com/edgar-care/edgarlib/appointment/edit_doctor_appointment.go:56.16,58.3 1 0
github.com/edgar-care/edgarlib/appointment/edit_rdv.go:18.95,20.25 2 1
github.com/edgar-care/edgarlib/appointment/edit_rdv.go:24.2,25.16 2 1
github.com/edgar-care/edgarlib/appointment/edit_rdv.go:28.2,28.46 1 1
github.com/edgar-care/edgarlib/appointment/edit_rdv.go:32.2,33.16 2 1
github.com/edgar-care/edgarlib/appointment/edit_rdv.go:37.2,38.16 2 1
github.com/edgar-care/edgarlib/appointment/edit_rdv.go:42.2,43.16 2 1
github.com/edgar-care/edgarlib/appointment/edit_rdv.go:46.2,47.16 2 1
github.com/edgar-care/edgarlib/appointment/edit_rdv.go:51.2,52.16 2 1
github.com/edgar-care/edgarlib/appointment/edit_rdv.go:56.2,77.3 1 1
github.com/edgar-care/edgarlib/appointment/edit_rdv.go:20.25,22.3 1 1
github.com/edgar-care/edgarlib/appointment/edit_rdv.go:25.16,27.3 1 1
github.com/edgar-care/edgarlib/appointment/edit_rdv.go:28.46,30.3 1 1
github.com/edgar-care/edgarlib/appointment/edit_rdv.go:33.16,35.3 1 1
github.com/edgar-care/edgarlib/appointment/edit_rdv.go:38.16,40.3 1 0
github.com/edgar-care/edgarlib/appointment/edit_rdv.go:43.16,45.3 1 1
github.com/edgar-care/edgarlib/appointment/edit_rdv.go:47.16,49.3 1 0
github.com/edgar-care/edgarlib/appointment/edit_rdv.go:52.16,54.3 1 0
github.com/edgar-care/edgarlib/appointment/get_doctor_appointment.go:22.95,26.16 3 1
github.com/edgar-care/edgarlib/appointment/get_doctor_appointment.go:30.2,30.42 1 1
github.com/edgar-care/edgarlib/appointment/get_doctor_appointment.go:34.2,47.3 1 1
github.com/edgar-care/edgarlib/appointment/get_doctor_appointment.go:26.16,28.3 1 1
github.com/edgar-care/edgarlib/appointment/get_doctor_appointment.go:30.42,32.3 1 1
github.com/edgar-care/edgarlib/appointment/get_doctor_appointment.go:50.79,55.16 4 1
github.com/edgar-care/edgarlib/appointment/get_doctor_appointment.go:59.2,60.16 2 1
github.com/edgar-care/edgarlib/appointment/get_doctor_appointment.go:64.2,64.56 1 1
github.com/edgar-care/edgarlib/appointment/get_doctor_appointment.go:77.2,77.55 1 1
github.com/edgar-care/edgarlib/appointment/get_doctor_appointment.go:55.16,57.3 1 1
github.com/edgar-care/edgarlib/appointment/get_doctor_appointment.go:60.16,62.3 1 0
github.com/edgar-care/edgarlib/appointment/get_doctor_appointment.go:64.56,76.3 2 1
github.com/edgar-care/edgarlib/appointment/get_rdv.go:16.46,21.16 4 1
github.com/edgar-care/edgarlib/appointment/get_rdv.go:24.2,24.48 1 1
github.com/edgar-care/edgarlib/appointment/get_rdv.go:37.2,37.38 1 1
github.com/edgar-care/edgarlib/appointment/get_rdv.go:21.16,23.3 1 1
github.com/edgar-care/edgarlib/appointment/get_rdv.go:24.48,36.3 2 1
github.com/edgar-care/edgarlib/appointment/valide_rdv.go:22.75,24.25 2 1
github.com/edgar-care/edgarlib/appointment/valide_rdv.go:28.2,29.16 2 1
github.com/edgar-care/edgarlib/appointment/valide_rdv.go:33.2,35.30 2 1
github.com/edgar-care/edgarlib/appointment/valide_rdv.go:40.2,41.16 2 1
github.com/edgar-care/edgarlib/appointment/valide_rdv.go:45.2,47.16 3 1
github.com/edgar-care/edgarlib/appointment/valide_rdv.go:51.2,64.3 1 1
github.com/edgar-care/edgarlib/appointment/valide_rdv.go:24.25,26.3 1 1
github.com/edgar-care/edgarlib/appointment/valide_rdv.go:29.16,31.3 1 1
github.com/edgar-care/edgarlib/appointment/valide_rdv.go:35.30,37.3 1 1
github.com/edgar-care/edgarlib/appointment/valide_rdv.go:37.8,39.3 1 1
github.com/edgar-care/edgarlib/appointment/valide_rdv.go:41.16,43.3 1 0
github.com/edgar-care/edgarlib/appointment/valide_rdv.go:47.16,49.3 1 0
github.com/edgar-care/edgarlib/appointment/create_rdv.go:18.116,23.16 4 1
github.com/edgar-care/edgarlib/appointment/create_rdv.go:27.2,28.16 2 1
github.com/edgar-care/edgarlib/appointment/create_rdv.go:32.2,34.16 2 1
github.com/edgar-care/edgarlib/appointment/create_rdv.go:38.2,38.21 1 1
github.com/edgar-care/edgarlib/appointment/create_rdv.go:49.2,69.3 1 1
github.com/edgar-care/edgarlib/appointment/create_rdv.go:23.16,25.3 1 0
github.com/edgar-care/edgarlib/appointment/create_rdv.go:28.16,30.3 1 1
github.com/edgar-care/edgarlib/appointment/create_rdv.go:34.16,36.3 1 0
github.com/edgar-care/edgarlib/appointment/create_rdv.go:38.21,40.17 2 1
github.com/edgar-care/edgarlib/appointment/create_rdv.go:43.3,44.17 2 1
github.com/edgar-care/edgarlib/appointment/create_rdv.go:40.17,42.4 1 1
github.com/edgar-care/edgarlib/appointment/create_rdv.go:44.17,46.4 1 0
github.com/edgar-care/edgarlib/appointment/delete_rdv.go:17.66,18.17 1 1
github.com/edgar-care/edgarlib/appointment/delete_rdv.go:21.2,24.16 3 1
github.com/edgar-care/edgarlib/appointment/delete_rdv.go:27.2,29.16 3 1
github.com/edgar-care/edgarlib/appointment/delete_rdv.go:33.2,34.16 2 1
github.com/edgar-care/edgarlib/appointment/delete_rdv.go:38.2,50.3 2 1
github.com/edgar-care/edgarlib/appointment/delete_rdv.go:18.17,20.3 1 1
github.com/edgar-care/edgarlib/appointment/delete_rdv.go:24.16,26.3 1 1
github.com/edgar-care/edgarlib/appointment/delete_rdv.go:29.16,31.3 1 0
github.com/edgar-care/edgarlib/appointment/delete_rdv.go:34.16,36.3 1 1
github.com/edgar-care/edgarlib/appointment/delete_rdv.go:53.61,55.26 2 1
github.com/edgar-care/edgarlib/appointment/delete_rdv.go:60.2,60.15 1 1
github.com/edgar-care/edgarlib/appointment/delete_rdv.go:55.26,56.19 1 1
github.com/edgar-care/edgarlib/appointment/delete_rdv.go:56.19,58.4 1 1
github.com/edgar-care/edgarlib/appointment/get_rdv_patient.go:16.82,20.16 3 1
github.com/edgar-care/edgarlib/appointment/get_rdv_patient.go:24.2,24.44 1 1
github.com/edgar-care/edgarlib/appointment/get_rdv_patient.go:27.2,36.14 1 1
github.com/edgar-care/edgarlib/appointment/get_rdv_patient.go:20.16,22.3 1 1
github.com/edgar-care/edgarlib/appointment/get_rdv_patient.go:24.44,26.3 1 1
github.com/edgar-care/edgarlib/auth/missing_password.go:20.60,24.16 3 0
github.com/edgar-care/edgarlib/auth/missing_password.go:27.2,45.42 7 0
github.com/edgar-care/edgarlib/auth/missing_password.go:24.16,26.3 1 0
github.com/edgar-care/edgarlib/auth/register.go:47.127,51.16 4 1
github.com/edgar-care/edgarlib/auth/register.go:54.2,69.8 2 1
github.com/edgar-care/edgarlib/auth/register.go:51.16,53.3 1 1
github.com/edgar-care/edgarlib/auth/register.go:72.138,74.16 2 1
github.com/edgar-care/edgarlib/auth/register.go:77.2,80.50 2 1
github.com/edgar-care/edgarlib/auth/register.go:74.16,76.3 1 1
github.com/edgar-care/edgarlib/auth/register.go:83.76,87.16 4 1
github.com/edgar-care/edgarlib/auth/register.go:90.2,97.8 1 1
github.com/edgar-care/edgarlib/auth/register.go:87.16,89.3 1 1
github.com/edgar-care/edgarlib/auth/register.go:100.86,102.16 2 1
github.com/edgar-care/edgarlib/auth/register.go:105.2,108.50 2 1
github.com/edgar-care/edgarlib/auth/register.go:102.16,104.3 1 1
github.com/edgar-care/edgarlib/auth/register.go:111.121,112.39 1 1
github.com/edgar-care/edgarlib/auth/register.go:115.2,118.16 4 1
github.com/edgar-care/edgarlib/auth/register.go:121.2,127.8 1 1
github.com/edgar-care/edgarlib/auth/register.go:112.39,114.3 1 1
github.com/edgar-care/edgarlib/auth/register.go:118.16,120.3 1 1
github.com/edgar-care/edgarlib/auth/register.go:130.133,132.16 2 1
github.com/edgar-care/edgarlib/auth/register.go:135.2,138.54 2 1
github.com/edgar-care/edgarlib/auth/register.go:132.16,134.3 1 1
github.com/edgar-care/edgarlib/auth/reset_password.go:18.86,21.16 2 0
github.com/edgar-care/edgarlib/auth/reset_password.go:24.2,26.31 3 0
github.com/edgar-care/edgarlib/auth/reset_password.go:30.2,31.16 2 0
github.com/edgar-care/edgarlib/auth/reset_password.go:35.2,36.16 2 0
github.com/edgar-care/edgarlib/auth/reset_password.go:39.2,39.40 1 0
github.com/edgar-care/edgarlib/auth/reset_password.go:21.16,23.3 1 0
github.com/edgar-care/edgarlib/auth/reset_password.go:26.31,28.3 1 0
github.com/edgar-care/edgarlib/auth/reset_password.go:31.16,33.3 1 0
github.com/edgar-care/edgarlib/auth/reset_password.go:36.16,38.3 1 0
github.com/edgar-care/edgarlib/auth/auth.go:13.38,16.2 2 1
github.com/edgar-care/edgarlib/auth/auth.go:18.65,21.2 2 1
github.com/edgar-care/edgarlib/auth/auth.go:23.43,25.32 2 1
github.com/edgar-care/edgarlib/auth/auth.go:28.2,28.13 1 1
github.com/edgar-care/edgarlib/auth/auth.go:25.32,27.3 1 1
github.com/edgar-care/edgarlib/auth/auth.go:31.43,35.2 3 1
github.com/edgar-care/edgarlib/auth/auth.go:37.55,40.2 2 1
github.com/edgar-care/edgarlib/auth/auth.go:42.74,46.32 3 1
github.com/edgar-care/edgarlib/auth/auth.go:50.2,51.9 2 1
github.com/edgar-care/edgarlib/auth/auth.go:55.2,55.11 1 1
github.com/edgar-care/edgarlib/auth/auth.go:46.32,48.3 1 1
github.com/edgar-care/edgarlib/auth/auth.go:51.9,53.3 1 1
github.com/edgar-care/edgarlib/auth/auth.go:58.68,60.20 2 1
github.com/edgar-care/edgarlib/auth/auth.go:63.2,66.36 3 1
github.com/edgar-care/edgarlib/auth/auth.go:69.2,69.35 1 1
github.com/edgar-care/edgarlib/auth/auth.go:60.20,62.3 1 1
github.com/edgar-care/edgarlib/auth/auth.go:66.36,68.3 1 1
github.com/edgar-care/edgarlib/auth/checker_login.go:9.83,11.21 2 1
github.com/edgar-care/edgarlib/auth/checker_login.go:18.2,18.24 1 1
github.com/edgar-care/edgarlib/auth/checker_login.go:11.21,16.3 2 1
github.com/edgar-care/edgarlib/auth/create_patient_account.go:19.70,23.16 3 0
github.com/edgar-care/edgarlib/auth/create_patient_account.go:26.2,44.74 7 0
github.com/edgar-care/edgarlib/auth/create_patient_account.go:23.16,25.3 1 0
github.com/edgar-care/edgarlib/auth/doctor.go:22.53,27.16 4 1
github.com/edgar-care/edgarlib/auth/doctor.go:31.2,45.45 3 1
github.com/edgar-care/edgarlib/auth/doctor.go:27.16,29.3 1 1
github.com/edgar-care/edgarlib/auth/doctor.go:48.38,53.16 4 1
github.com/edgar-care/edgarlib/auth/doctor.go:57.2,57.44 1 1
github.com/edgar-care/edgarlib/auth/doctor.go:72.2,72.42 1 1
github.com/edgar-care/edgarlib/auth/doctor.go:53.16,55.3 1 0
github.com/edgar-care/edgarlib/auth/doctor.go:57.44,71.3 2 1
github.com/edgar-care/edgarlib/auth/login.go:20.54,29.14 8 1
github.com/edgar-care/edgarlib/auth/login.go:36.2,36.16 1 1
github.com/edgar-care/edgarlib/auth/login.go:42.2,44.84 1 1
github.com/edgar-care/edgarlib/auth/login.go:50.2,50.14 1 1
github.com/edgar-care/edgarlib/auth/login.go:63.2,66.13 4 1
github.com/edgar-care/edgarlib/auth/login.go:29.14,31.3 1 1
github.com/edgar-care/edgarlib/auth/login.go:31.8,31.21 1 1
github.com/edgar-care/edgarlib/auth/login.go:31.21,33.3 1 1
github.com/edgar-care/edgarlib/auth/login.go:33.8,35.3 1 1
github.com/edgar-care/edgarlib/auth/login.go:36.16,40.3 3 1
github.com/edgar-care/edgarlib/auth/login.go:44.84,48.3 3 1
github.com/edgar-care/edgarlib/auth/login.go:50.14,54.3 1 1
github.com/edgar-care/edgarlib/auth/login.go:54.8,54.21 1 1
github.com/edgar-care/edgarlib/auth/login.go:54.21,58.3 1 1
github.com/edgar-care/edgarlib/auth/login.go:58.8,62.3 1 1
